<?xml version="1.0" encoding="UTF-8"?>
<!-- Generated by org.testng.reporters.JUnitXMLReporter -->
<testsuite ignored="3" hostname="MAA018013A" failures="0" tests="2" name="Test" time="16.043" errors="0" timestamp="2025-06-03T15:49:32 IST">
  <testcase classname="com.jenkinsPractice.testcases.TC01_HomePageTest" name="jenkinsTest" time="0.193"/>
  <testcase classname="com.jenkinsPractice.testcases.TC02_HomePageTest" name="jenkinsTest" time="0.933"/>
  <testcase classname="lib.selenium.PreAndPost" name="@AfterTest afterTest" time="0.0">
    <ignored/>
  </testcase> <!-- @AfterTest afterTest -->
  <testcase classname="lib.selenium.PreAndPost" name="@BeforeSuite beforeSuite" time="0.0">
    <ignored/>
  </testcase> <!-- @BeforeSuite beforeSuite -->
  <testcase classname="lib.selenium.PreAndPost" name="@AfterSuite afterSuite" time="0.0">
    <ignored/>
  </testcase> <!-- @AfterSuite afterSuite -->
</testsuite> <!-- Test -->
