<?xml version="1.0" encoding="UTF-8"?>
<testng-results ignored="0" total="1" passed="1" failed="0" skipped="0">
  <reporter-output>
  </reporter-output>
  <suite started-at="2025-06-17T13:23:48 IST" name="Default suite" finished-at="2025-06-17T13:24:04 IST" duration-ms="15915">
    <groups>
    </groups>
    <test started-at="2025-06-17T13:23:48 IST" name="Default test" finished-at="2025-06-17T13:24:04 IST" duration-ms="15915">
      <class name="com.jenkinsPractice.testcases.TC02_HomePageTest">
        <test-method is-config="true" signature="beforeSuite()[pri:0, instance:com.jenkinsPractice.testcases.TC02_HomePageTest@5276d6ee]" started-at="2025-06-17T13:23:47 IST" name="beforeSuite" finished-at="2025-06-17T13:23:48 IST" duration-ms="905" status="PASS">
          <reporter-output>
          </reporter-output>
        </test-method> <!-- beforeSuite -->
        <test-method is-config="true" signature="setValues()[pri:0, instance:com.jenkinsPractice.testcases.TC02_HomePageTest@5276d6ee]" started-at="2025-06-17T13:23:48 IST" name="setValues" finished-at="2025-06-17T13:23:48 IST" duration-ms="2" status="PASS">
          <reporter-output>
          </reporter-output>
        </test-method> <!-- setValues -->
        <test-method is-config="true" signature="beforeClass()[pri:0, instance:com.jenkinsPractice.testcases.TC02_HomePageTest@5276d6ee]" started-at="2025-06-17T13:23:48 IST" name="beforeClass" finished-at="2025-06-17T13:23:48 IST" duration-ms="3" status="PASS">
          <reporter-output>
          </reporter-output>
        </test-method> <!-- beforeClass -->
        <test-method is-config="true" signature="beforeMethod()[pri:0, instance:com.jenkinsPractice.testcases.TC02_HomePageTest@5276d6ee]" started-at="2025-06-17T13:23:49 IST" name="beforeMethod" finished-at="2025-06-17T13:24:01 IST" duration-ms="11634" status="PASS">
          <reporter-output>
          </reporter-output>
        </test-method> <!-- beforeMethod -->
        <test-method signature="jenkinsTest(java.lang.String)[pri:0, instance:com.jenkinsPractice.testcases.TC02_HomePageTest@5276d6ee]" started-at="2025-06-17T13:24:01 IST" name="jenkinsTest" data-provider="fetchData" finished-at="2025-06-17T13:24:03 IST" duration-ms="1672" status="PASS">
          <params>
            <param index="0">
              <value>
                <![CDATA[Practice Page]]>
              </value>
            </param>
          </params>
          <reporter-output>
          </reporter-output>
        </test-method> <!-- jenkinsTest -->
        <test-method is-config="true" signature="afterMethod()[pri:0, instance:com.jenkinsPractice.testcases.TC02_HomePageTest@5276d6ee]" started-at="2025-06-17T13:24:03 IST" name="afterMethod" finished-at="2025-06-17T13:24:04 IST" duration-ms="1174" status="PASS">
          <reporter-output>
          </reporter-output>
        </test-method> <!-- afterMethod -->
        <test-method is-config="true" signature="afterClass()[pri:0, instance:com.jenkinsPractice.testcases.TC02_HomePageTest@5276d6ee]" started-at="2025-06-17T13:24:04 IST" name="afterClass" finished-at="2025-06-17T13:24:04 IST" duration-ms="2" status="PASS">
          <reporter-output>
          </reporter-output>
        </test-method> <!-- afterClass -->
        <test-method is-config="true" signature="afterTest()[pri:0, instance:com.jenkinsPractice.testcases.TC02_HomePageTest@5276d6ee]" started-at="2025-06-17T13:24:04 IST" name="afterTest" finished-at="2025-06-17T13:24:04 IST" duration-ms="8" status="PASS">
          <reporter-output>
          </reporter-output>
        </test-method> <!-- afterTest -->
        <test-method is-config="true" signature="afterSuite()[pri:0, instance:com.jenkinsPractice.testcases.TC02_HomePageTest@5276d6ee]" started-at="2025-06-17T13:24:04 IST" name="afterSuite" finished-at="2025-06-17T13:24:04 IST" duration-ms="0" status="PASS">
          <reporter-output>
          </reporter-output>
        </test-method> <!-- afterSuite -->
      </class> <!-- com.jenkinsPractice.testcases.TC02_HomePageTest -->
    </test> <!-- Default test -->
  </suite> <!-- Default suite -->
</testng-results>
